<?xml version="1.0" encoding="UTF-8"?>
<!-- Generated by org.testng.reporters.JUnitReportReporter -->
<testsuite hostname="DESKTOP-A8OMMGT" failures="0" tests="1" name="healthCheck.IncludeMe" time="0.060" errors="0" timestamp="2022-09-28T19:19:15 CEST" skipped="0">
  <testcase classname="healthCheck.IncludeMe" name="includeMe" time="0.060"/>
  <system-out/>
</testsuite> <!-- healthCheck.IncludeMe -->
